<?xml version="1.0" encoding="UTF-8"?>
<!-- Generated by org.testng.reporters.JUnitReportReporter -->
<testsuite hostname="LAPTOP-FIFQBMG9" failures="0" tests="6" name="com.testNg.TestNgAnnotationsFeb3" time="0.007" errors="0" timestamp="2022-02-03T16:14:43 PST" skipped="0">
  <testcase classname="com.testNg.TestNgAnnotationsFeb3" name="TestCase2" time="0.001"/>
  <system-out/>
  <testcase classname="com.testNg.TestNgAnnotationsFeb3" name="TestCase1" time="0.003"/>
  <system-out/>
  <testcase classname="com.testNg.TestNgAnnotationsFeb3" name="TestCase3" time="0.000"/>
  <system-out/>
  <testcase classname="com.testNg.TestNgAnnotationsFeb3" name="TestCase4" time="0.001"/>
  <system-out/>
  <testcase classname="com.testNg.TestNgAnnotationsFeb3" name="TestCase5" time="0.002"/>
  <system-out/>
  <testcase classname="com.testNg.TestNgAnnotationsFeb3" name="TestCase6" time="0.000"/>
  <system-out/>
</testsuite> <!-- com.testNg.TestNgAnnotationsFeb3 -->
